<?xml version="1.0" encoding="UTF-8"?>
<!-- Generated by org.testng.reporters.JUnitReportReporter -->
<testsuite hostname="Nilmie" failures="0" tests="1" name="Runner.TestRunner" time="23.844" errors="0" timestamp="2020-11-10T00:30:50 IST" skipped="0">
  <testcase classname="Runner.TestRunner" name="feature" time="23.844"/>
  <system-out/>
</testsuite> <!-- Runner.TestRunner -->
